
11월 21, 2022 11:31:47.879 NEW SESSION
11월 21, 2022 11:31:47.879 [6220:7112:1121/113147.876:ERROR:device_event_log_impl.cc(215)] [11:31:47.876] Bluetooth: bluetooth_adapter_winrt.cc:1074 Getting Default Adapter failed.
11월 21, 2022 11:31:47.879 [6220:7112:1121/113147.877:ERROR:device_event_log_impl.cc(215)] [11:31:47.877] USB: usb_service_win.cc:415 Could not read device interface GUIDs: 지정된 파일을 찾을 수 없습니다. (0x2)
11월 21, 2022 11:36:02.370 [6248:11856:1121/113602.370:ERROR:device_event_log_impl.cc(215)] [11:36:02.370] Bluetooth: bluetooth_adapter_winrt.cc:1074 Getting Default Adapter failed.
11월 21, 2022 11:36:02.371 [6248:11856:1121/113602.371:ERROR:device_event_log_impl.cc(215)] [11:36:02.371] USB: usb_service_win.cc:415 Could not read device interface GUIDs: 지정된 파일을 찾을 수 없습니다. (0x2)
11월 21, 2022 11:36:58.924 [6248:2252:1121/113658.924:ERROR:util.cc(129)] Can't create base directory: C:\Program Files\Google\GoogleUpdater
11월 21, 2022 11:38:03.612 [6248:11856:1121/113803.612:ERROR:CONSOLE(0)] "Error handling response: TypeError: Cannot read properties of undefined (reading 'always')
11월 21, 2022 11:38:03.612     at chrome-extension://cnfngpgfjllafbghaimjcmailafcdhod/releaseDrag.js:90:49", source: https://ogs.google.com/u/0/widget/app?origin=chrome-untrusted%3A%2F%2Fnew-tab-page&origin=chrome%3A%2F%2Fnew-tab-page&cn=app&pid=1&spid=243&hl=ko (0)
11월 21, 2022 11:39:33.138 [6248:11856:1121/113933.138:ERROR:CONSOLE(0)] "Error handling response: TypeError: Cannot read properties of undefined (reading 'always')
11월 21, 2022 11:39:33.138     at chrome-extension://cnfngpgfjllafbghaimjcmailafcdhod/releaseDrag.js:90:49", source: https://ogs.google.com/u/0/widget/app?origin=chrome-untrusted%3A%2F%2Fnew-tab-page&origin=chrome%3A%2F%2Fnew-tab-page&cn=app&pid=1&spid=243&hl=ko (0)
11월 21, 2022 11:41:20.798 [6248:11856:1121/114120.798:ERROR:CONSOLE(0)] "Error handling response: TypeError: Cannot read properties of undefined (reading 'always')
11월 21, 2022 11:41:20.798     at chrome-extension://cnfngpgfjllafbghaimjcmailafcdhod/releaseDrag.js:90:49", source: https://ogs.google.com/u/0/widget/app?origin=chrome-untrusted%3A%2F%2Fnew-tab-page&origin=chrome%3A%2F%2Fnew-tab-page&cn=app&pid=1&spid=243&hl=ko (0)
11월 21, 2022 12:20:48.660 [11124:1304:1121/122048.660:ERROR:device_event_log_impl.cc(215)] [12:20:48.661] Bluetooth: bluetooth_adapter_winrt.cc:1074 Getting Default Adapter failed.
11월 21, 2022 12:20:48.662 [11124:1304:1121/122048.662:ERROR:device_event_log_impl.cc(215)] [12:20:48.662] USB: usb_service_win.cc:415 Could not read device interface GUIDs: 지정된 파일을 찾을 수 없습니다. (0x2)
11월 21, 2022 12:21:45.783 [11124:9264:1121/122145.782:ERROR:util.cc(129)] Can't create base directory: C:\Program Files\Google\GoogleUpdater
11월 21, 2022 12:24:51.301 [11124:1304:1121/122451.301:ERROR:CONSOLE(0)] "Error handling response: TypeError: Cannot read properties of undefined (reading 'always')
11월 21, 2022 12:24:51.302     at chrome-extension://cnfngpgfjllafbghaimjcmailafcdhod/releaseDrag.js:90:49", source: https://ogs.google.com/u/0/widget/app?origin=chrome-untrusted%3A%2F%2Fnew-tab-page&origin=chrome%3A%2F%2Fnew-tab-page&cn=app&pid=1&spid=243&hl=ko (0)
11월 21, 2022 12:30:21.980 [11124:1304:1121/123021.980:ERROR:CONSOLE(0)] "Error handling response: TypeError: Cannot read properties of undefined (reading 'always')
11월 21, 2022 12:30:21.980     at chrome-extension://cnfngpgfjllafbghaimjcmailafcdhod/releaseDrag.js:90:49", source: https://ogs.google.com/u/0/widget/app?origin=chrome-untrusted%3A%2F%2Fnew-tab-page&origin=chrome%3A%2F%2Fnew-tab-page&cn=app&pid=1&spid=243&hl=ko (0)

11월 22, 2022 16:19:57.441 NEW SESSION
11월 22, 2022 16:19:57.441 [4892:14264:1122/161957.440:ERROR:device_event_log_impl.cc(215)] [16:19:57.440] Bluetooth: bluetooth_adapter_winrt.cc:1074 Getting Default Adapter failed.
11월 22, 2022 16:19:57.442 [4892:14264:1122/161957.442:ERROR:device_event_log_impl.cc(215)] [16:19:57.442] USB: usb_service_win.cc:415 Could not read device interface GUIDs: 지정된 파일을 찾을 수 없습니다. (0x2)
11월 22, 2022 16:20:53.675 [4892:13904:1122/162053.674:ERROR:util.cc(129)] Can't create base directory: C:\Program Files\Google\GoogleUpdater

11월 23, 2022 14:30:24.449 NEW SESSION
11월 23, 2022 14:30:24.449 [444:12904:1123/143024.447:ERROR:device_event_log_impl.cc(215)] [14:30:24.446] Bluetooth: bluetooth_adapter_winrt.cc:1074 Getting Default Adapter failed.
11월 23, 2022 14:30:24.450 [444:12904:1123/143024.450:ERROR:device_event_log_impl.cc(215)] [14:30:24.450] USB: usb_service_win.cc:415 Could not read device interface GUIDs: 지정된 파일을 찾을 수 없습니다. (0x2)
11월 23, 2022 14:31:20.552 [444:11408:1123/143120.552:ERROR:util.cc(129)] Can't create base directory: C:\Program Files\Google\GoogleUpdater
11월 23, 2022 14:40:36.624 [8584:8528:1123/144036.624:ERROR:device_event_log_impl.cc(215)] [14:40:36.624] Bluetooth: bluetooth_adapter_winrt.cc:1074 Getting Default Adapter failed.
11월 23, 2022 14:40:36.631 [8584:8528:1123/144036.631:ERROR:device_event_log_impl.cc(215)] [14:40:36.631] USB: usb_service_win.cc:415 Could not read device interface GUIDs: 지정된 파일을 찾을 수 없습니다. (0x2)
11월 23, 2022 14:41:17.804 [8584:7160:1123/144117.804:ERROR:util.cc(129)] Can't create base directory: C:\Program Files\Google\GoogleUpdater
11월 23, 2022 14:53:14.612 [8584:8528:1123/145314.612:ERROR:CONSOLE(0)] "Error handling response: TypeError: Cannot read properties of undefined (reading 'always')
11월 23, 2022 14:53:14.612     at chrome-extension://cnfngpgfjllafbghaimjcmailafcdhod/releaseDrag.js:90:49", source: https://ogs.google.com/u/0/widget/app?origin=chrome-untrusted%3A%2F%2Fnew-tab-page&origin=chrome%3A%2F%2Fnew-tab-page&cn=app&pid=1&spid=243&hl=ko (0)
11월 23, 2022 14:57:04.322 [8584:8528:1123/145704.321:ERROR:device_event_log_impl.cc(215)] [14:57:04.320] USB: usb_service_win.cc:104 SetupDiGetDeviceProperty({{A45C254E-DF1C-4EFD-8020-67D146A850E0}, 6}) failed: 요소가 없습니다. (0x490)
11월 23, 2022 14:57:04.323 [8584:8528:1123/145704.323:ERROR:device_event_log_impl.cc(215)] [14:57:04.322] USB: usb_service_win.cc:307 SetupDiEnumDeviceInterfaces: 사용 가능한 데이터가 없습니다. (0x103)
11월 23, 2022 15:06:39.329 [8584:8528:1123/150639.329:ERROR:CONSOLE(0)] "Error handling response: TypeError: Cannot read properties of undefined (reading 'always')
11월 23, 2022 15:06:39.329     at chrome-extension://cnfngpgfjllafbghaimjcmailafcdhod/releaseDrag.js:90:49", source: https://ogs.google.com/u/0/widget/app?origin=chrome-untrusted%3A%2F%2Fnew-tab-page&origin=chrome%3A%2F%2Fnew-tab-page&cn=app&pid=1&spid=243&hl=ko (0)
11월 23, 2022 15:25:12.408 [8584:8528:1123/152512.408:ERROR:CONSOLE(0)] "Error handling response: TypeError: Cannot read properties of undefined (reading 'always')
11월 23, 2022 15:25:12.408     at chrome-extension://cnfngpgfjllafbghaimjcmailafcdhod/releaseDrag.js:90:49", source: https://ogs.google.com/u/0/widget/app?origin=chrome-untrusted%3A%2F%2Fnew-tab-page&origin=chrome%3A%2F%2Fnew-tab-page&cn=app&pid=1&spid=243&hl=ko (0)
11월 23, 2022 15:56:46.862 [8584:8528:1123/155646.862:ERROR:CONSOLE(0)] "Error handling response: TypeError: Cannot read properties of undefined (reading 'always')
11월 23, 2022 15:56:46.863     at chrome-extension://cnfngpgfjllafbghaimjcmailafcdhod/releaseDrag.js:90:49", source: https://ogs.google.com/u/0/widget/app?origin=chrome-untrusted%3A%2F%2Fnew-tab-page&origin=chrome%3A%2F%2Fnew-tab-page&cn=app&pid=1&spid=243&hl=ko (0)

11월 23, 2022 16:02:20.755 NEW SESSION
11월 23, 2022 16:02:20.755 [8052:14132:1123/160220.754:ERROR:device_event_log_impl.cc(215)] [16:02:20.754] Bluetooth: bluetooth_adapter_winrt.cc:1074 Getting Default Adapter failed.
11월 23, 2022 16:02:20.756 [8052:14132:1123/160220.755:ERROR:device_event_log_impl.cc(215)] [16:02:20.755] USB: usb_service_win.cc:415 Could not read device interface GUIDs: 지정된 파일을 찾을 수 없습니다. (0x2)
11월 23, 2022 16:03:20.946 [7864:7840:1123/160320.946:ERROR:device_event_log_impl.cc(215)] [16:03:20.946] Bluetooth: bluetooth_adapter_winrt.cc:1074 Getting Default Adapter failed.
11월 23, 2022 16:03:20.948 [7864:7840:1123/160320.948:ERROR:device_event_log_impl.cc(215)] [16:03:20.948] USB: usb_service_win.cc:415 Could not read device interface GUIDs: 지정된 파일을 찾을 수 없습니다. (0x2)
11월 23, 2022 16:04:16.123 [7864:5900:1123/160416.123:ERROR:util.cc(129)] Can't create base directory: C:\Program Files\Google\GoogleUpdater
11월 23, 2022 16:34:57.893 [7864:7840:1123/163457.893:ERROR:device_event_log_impl.cc(215)] [16:34:57.892] USB: usb_service_win.cc:104 SetupDiGetDeviceProperty({{A45C254E-DF1C-4EFD-8020-67D146A850E0}, 6}) failed: 요소가 없습니다. (0x490)
11월 23, 2022 16:34:57.895 [7864:7840:1123/163457.895:ERROR:device_event_log_impl.cc(215)] [16:34:57.894] USB: usb_service_win.cc:307 SetupDiEnumDeviceInterfaces: 사용 가능한 데이터가 없습니다. (0x103)
11월 23, 2022 16:54:46.445 [7864:7840:1123/165446.445:ERROR:CONSOLE(0)] "Error handling response: TypeError: Cannot read properties of undefined (reading 'always')
11월 23, 2022 16:54:46.445     at chrome-extension://cnfngpgfjllafbghaimjcmailafcdhod/releaseDrag.js:90:49", source: https://ogs.google.com/u/0/widget/app?origin=chrome-untrusted%3A%2F%2Fnew-tab-page&origin=chrome%3A%2F%2Fnew-tab-page&cn=app&pid=1&spid=243&hl=ko (0)
11월 23, 2022 17:06:46.972 [7864:7840:1123/170646.972:ERROR:CONSOLE(0)] "Error handling response: TypeError: Cannot read properties of undefined (reading 'always')
11월 23, 2022 17:06:46.972     at chrome-extension://cnfngpgfjllafbghaimjcmailafcdhod/releaseDrag.js:90:49", source: https://ogs.google.com/u/0/widget/app?origin=chrome-untrusted%3A%2F%2Fnew-tab-page&origin=chrome%3A%2F%2Fnew-tab-page&cn=app&pid=1&spid=243&hl=ko (0)

11월 26, 2022 14:38:00.836 NEW SESSION
11월 26, 2022 14:38:00.836 [1700:15876:1126/143800.834:ERROR:device_event_log_impl.cc(215)] [14:38:00.835] USB: usb_service_win.cc:104 SetupDiGetDeviceProperty({{A45C254E-DF1C-4EFD-8020-67D146A850E0}, 6}) failed: 요소가 없습니다. (0x490)
11월 26, 2022 14:38:00.845 [1700:15876:1126/143800.835:ERROR:device_event_log_impl.cc(215)] [14:38:00.836] USB: usb_device_handle_win.cc:1048 Failed to read descriptor from node connection: 시스템에 부착된 장치가 작동하지 않습니다. (0x1F)
11월 26, 2022 14:38:00.845 [1700:15876:1126/143800.837:ERROR:device_event_log_impl.cc(215)] [14:38:00.838] USB: usb_device_handle_win.cc:1048 Failed to read descriptor from node connection: 시스템에 부착된 장치가 작동하지 않습니다. (0x1F)
11월 26, 2022 14:38:58.815 [1700:2860:1126/143858.815:ERROR:util.cc(129)] Can't create base directory: C:\Program Files\Google\GoogleUpdater
